[debug] [2024-01-05T10:19:14.741Z] ----------------------------------------------------------------------
[debug] [2024-01-05T10:19:14.744Z] Command:       C:\Program Files\nodejs\node.exe C:\Users\Realme\AppData\Roaming\npm\node_modules\firebase-tools\lib\bin\firebase.js init
[debug] [2024-01-05T10:19:14.744Z] CLI Version:   13.0.2
[debug] [2024-01-05T10:19:14.745Z] Platform:      win32
[debug] [2024-01-05T10:19:14.745Z] Node Version:  v18.12.0
[debug] [2024-01-05T10:19:14.746Z] Time:          Fri Jan 05 2024 15:49:14 GMT+0530 (India Standard Time)
[debug] [2024-01-05T10:19:14.746Z] ----------------------------------------------------------------------
[debug] 
[debug] [2024-01-05T10:19:14.754Z] > command requires scopes: ["email","openid","https://www.googleapis.com/auth/cloudplatformprojects.readonly","https://www.googleapis.com/auth/firebase","https://www.googleapis.com/auth/cloud-platform"]
[debug] [2024-01-05T10:19:14.755Z] > authorizing via signed-in user (kaifzafry3110@gmail.com)
[info] 
     ######## #### ########  ######## ########     ###     ######  ########
     ##        ##  ##     ## ##       ##     ##  ##   ##  ##       ##
     ######    ##  ########  ######   ########  #########  ######  ######
     ##        ##  ##    ##  ##       ##     ## ##     ##       ## ##
     ##       #### ##     ## ######## ########  ##     ##  ######  ########

You're about to initialize a Firebase project in this directory:

  D:\react projects\foodorder

[info] 
=== Project Setup
[info] 
[info] First, let's associate this project directory with a Firebase project.
[info] You can create multiple project aliases by running firebase use --add, 
[info] but for now we'll just set up a default project.
[info] 
[info] i  If you want to create a project in a Google Cloud organization or folder, please use "firebase projects:create" instead, and return to this command when you've created the project. 
